<?xml version="1.0" encoding="UTF-8"?>
<testsuite xmlns:xsi="http://www.w3.org/2001/XMLSchema-instance" xsi:noNamespaceSchemaLocation="https://maven.apache.org/surefire/maven-surefire-plugin/xsd/surefire-test-report.xsd" name="org.buaa.es.EsApplicationTests" time="0.617" tests="1" errors="1" skipped="0" failures="0">
  <properties>
    <property name="sun.desktop" value="windows"/>
    <property name="awt.toolkit" value="sun.awt.windows.WToolkit"/>
    <property name="file.encoding.pkg" value="sun.io"/>
    <property name="java.specification.version" value="1.8"/>
    <property name="sun.cpu.isalist" value="amd64"/>
    <property name="sun.jnu.encoding" value="GBK"/>
    <property name="java.class.path" value="D:\git\es\target\test-classes;D:\git\es\target\classes;C:\AppData\apache-maven-3.6.1\repository\org\springframework\boot\spring-boot-starter-web\2.2.2.RELEASE\spring-boot-starter-web-2.2.2.RELEASE.jar;C:\AppData\apache-maven-3.6.1\repository\org\springframework\boot\spring-boot-starter\2.2.2.RELEASE\spring-boot-starter-2.2.2.RELEASE.jar;C:\AppData\apache-maven-3.6.1\repository\org\springframework\boot\spring-boot-starter-logging\2.2.2.RELEASE\spring-boot-starter-logging-2.2.2.RELEASE.jar;C:\AppData\apache-maven-3.6.1\repository\ch\qos\logback\logback-classic\1.2.3\logback-classic-1.2.3.jar;C:\AppData\apache-maven-3.6.1\repository\ch\qos\logback\logback-core\1.2.3\logback-core-1.2.3.jar;C:\AppData\apache-maven-3.6.1\repository\org\apache\logging\log4j\log4j-to-slf4j\2.12.1\log4j-to-slf4j-2.12.1.jar;C:\AppData\apache-maven-3.6.1\repository\org\slf4j\jul-to-slf4j\1.7.29\jul-to-slf4j-1.7.29.jar;C:\AppData\apache-maven-3.6.1\repository\jakarta\annotation\jakarta.annotation-api\1.3.5\jakarta.annotation-api-1.3.5.jar;C:\AppData\apache-maven-3.6.1\repository\org\yaml\snakeyaml\1.25\snakeyaml-1.25.jar;C:\AppData\apache-maven-3.6.1\repository\org\springframework\boot\spring-boot-starter-json\2.2.2.RELEASE\spring-boot-starter-json-2.2.2.RELEASE.jar;C:\AppData\apache-maven-3.6.1\repository\com\fasterxml\jackson\core\jackson-databind\2.10.1\jackson-databind-2.10.1.jar;C:\AppData\apache-maven-3.6.1\repository\com\fasterxml\jackson\core\jackson-annotations\2.10.1\jackson-annotations-2.10.1.jar;C:\AppData\apache-maven-3.6.1\repository\com\fasterxml\jackson\datatype\jackson-datatype-jdk8\2.10.1\jackson-datatype-jdk8-2.10.1.jar;C:\AppData\apache-maven-3.6.1\repository\com\fasterxml\jackson\datatype\jackson-datatype-jsr310\2.10.1\jackson-datatype-jsr310-2.10.1.jar;C:\AppData\apache-maven-3.6.1\repository\com\fasterxml\jackson\module\jackson-module-parameter-names\2.10.1\jackson-module-parameter-names-2.10.1.jar;C:\AppData\apache-maven-3.6.1\repository\org\springframework\boot\spring-boot-starter-tomcat\2.2.2.RELEASE\spring-boot-starter-tomcat-2.2.2.RELEASE.jar;C:\AppData\apache-maven-3.6.1\repository\org\apache\tomcat\embed\tomcat-embed-core\9.0.29\tomcat-embed-core-9.0.29.jar;C:\AppData\apache-maven-3.6.1\repository\org\apache\tomcat\embed\tomcat-embed-el\9.0.29\tomcat-embed-el-9.0.29.jar;C:\AppData\apache-maven-3.6.1\repository\org\apache\tomcat\embed\tomcat-embed-websocket\9.0.29\tomcat-embed-websocket-9.0.29.jar;C:\AppData\apache-maven-3.6.1\repository\org\springframework\boot\spring-boot-starter-validation\2.2.2.RELEASE\spring-boot-starter-validation-2.2.2.RELEASE.jar;C:\AppData\apache-maven-3.6.1\repository\jakarta\validation\jakarta.validation-api\2.0.1\jakarta.validation-api-2.0.1.jar;C:\AppData\apache-maven-3.6.1\repository\org\hibernate\validator\hibernate-validator\6.0.18.Final\hibernate-validator-6.0.18.Final.jar;C:\AppData\apache-maven-3.6.1\repository\org\jboss\logging\jboss-logging\3.4.1.Final\jboss-logging-3.4.1.Final.jar;C:\AppData\apache-maven-3.6.1\repository\com\fasterxml\classmate\1.5.1\classmate-1.5.1.jar;C:\AppData\apache-maven-3.6.1\repository\org\springframework\spring-web\5.2.2.RELEASE\spring-web-5.2.2.RELEASE.jar;C:\AppData\apache-maven-3.6.1\repository\org\springframework\spring-beans\5.2.2.RELEASE\spring-beans-5.2.2.RELEASE.jar;C:\AppData\apache-maven-3.6.1\repository\org\springframework\spring-webmvc\5.2.2.RELEASE\spring-webmvc-5.2.2.RELEASE.jar;C:\AppData\apache-maven-3.6.1\repository\org\springframework\spring-aop\5.2.2.RELEASE\spring-aop-5.2.2.RELEASE.jar;C:\AppData\apache-maven-3.6.1\repository\org\springframework\spring-context\5.2.2.RELEASE\spring-context-5.2.2.RELEASE.jar;C:\AppData\apache-maven-3.6.1\repository\org\springframework\spring-expression\5.2.2.RELEASE\spring-expression-5.2.2.RELEASE.jar;C:\AppData\apache-maven-3.6.1\repository\org\elasticsearch\elasticsearch\6.8.5\elasticsearch-6.8.5.jar;C:\AppData\apache-maven-3.6.1\repository\org\elasticsearch\elasticsearch-core\6.8.5\elasticsearch-core-6.8.5.jar;C:\AppData\apache-maven-3.6.1\repository\org\elasticsearch\elasticsearch-secure-sm\6.8.5\elasticsearch-secure-sm-6.8.5.jar;C:\AppData\apache-maven-3.6.1\repository\org\elasticsearch\elasticsearch-x-content\6.8.5\elasticsearch-x-content-6.8.5.jar;C:\AppData\apache-maven-3.6.1\repository\com\fasterxml\jackson\core\jackson-core\2.10.1\jackson-core-2.10.1.jar;C:\AppData\apache-maven-3.6.1\repository\com\fasterxml\jackson\dataformat\jackson-dataformat-smile\2.10.1\jackson-dataformat-smile-2.10.1.jar;C:\AppData\apache-maven-3.6.1\repository\com\fasterxml\jackson\dataformat\jackson-dataformat-yaml\2.10.1\jackson-dataformat-yaml-2.10.1.jar;C:\AppData\apache-maven-3.6.1\repository\com\fasterxml\jackson\dataformat\jackson-dataformat-cbor\2.10.1\jackson-dataformat-cbor-2.10.1.jar;C:\AppData\apache-maven-3.6.1\repository\org\apache\lucene\lucene-core\7.7.2\lucene-core-7.7.2.jar;C:\AppData\apache-maven-3.6.1\repository\org\apache\lucene\lucene-analyzers-common\7.7.2\lucene-analyzers-common-7.7.2.jar;C:\AppData\apache-maven-3.6.1\repository\org\apache\lucene\lucene-backward-codecs\7.7.2\lucene-backward-codecs-7.7.2.jar;C:\AppData\apache-maven-3.6.1\repository\org\apache\lucene\lucene-grouping\7.7.2\lucene-grouping-7.7.2.jar;C:\AppData\apache-maven-3.6.1\repository\org\apache\lucene\lucene-highlighter\7.7.2\lucene-highlighter-7.7.2.jar;C:\AppData\apache-maven-3.6.1\repository\org\apache\lucene\lucene-join\7.7.2\lucene-join-7.7.2.jar;C:\AppData\apache-maven-3.6.1\repository\org\apache\lucene\lucene-memory\7.7.2\lucene-memory-7.7.2.jar;C:\AppData\apache-maven-3.6.1\repository\org\apache\lucene\lucene-misc\7.7.2\lucene-misc-7.7.2.jar;C:\AppData\apache-maven-3.6.1\repository\org\apache\lucene\lucene-queries\7.7.2\lucene-queries-7.7.2.jar;C:\AppData\apache-maven-3.6.1\repository\org\apache\lucene\lucene-queryparser\7.7.2\lucene-queryparser-7.7.2.jar;C:\AppData\apache-maven-3.6.1\repository\org\apache\lucene\lucene-sandbox\7.7.2\lucene-sandbox-7.7.2.jar;C:\AppData\apache-maven-3.6.1\repository\org\apache\lucene\lucene-spatial\7.7.2\lucene-spatial-7.7.2.jar;C:\AppData\apache-maven-3.6.1\repository\org\apache\lucene\lucene-spatial-extras\7.7.2\lucene-spatial-extras-7.7.2.jar;C:\AppData\apache-maven-3.6.1\repository\org\apache\lucene\lucene-spatial3d\7.7.2\lucene-spatial3d-7.7.2.jar;C:\AppData\apache-maven-3.6.1\repository\org\apache\lucene\lucene-suggest\7.7.2\lucene-suggest-7.7.2.jar;C:\AppData\apache-maven-3.6.1\repository\org\elasticsearch\elasticsearch-cli\6.8.5\elasticsearch-cli-6.8.5.jar;C:\AppData\apache-maven-3.6.1\repository\net\sf\jopt-simple\jopt-simple\5.0.2\jopt-simple-5.0.2.jar;C:\AppData\apache-maven-3.6.1\repository\com\carrotsearch\hppc\0.7.1\hppc-0.7.1.jar;C:\AppData\apache-maven-3.6.1\repository\joda-time\joda-time\2.10.5\joda-time-2.10.5.jar;C:\AppData\apache-maven-3.6.1\repository\com\tdunning\t-digest\3.2\t-digest-3.2.jar;C:\AppData\apache-maven-3.6.1\repository\org\hdrhistogram\HdrHistogram\2.1.9\HdrHistogram-2.1.9.jar;C:\AppData\apache-maven-3.6.1\repository\org\apache\logging\log4j\log4j-api\2.12.1\log4j-api-2.12.1.jar;C:\AppData\apache-maven-3.6.1\repository\org\elasticsearch\jna\4.5.1\jna-4.5.1.jar;C:\AppData\apache-maven-3.6.1\repository\org\springframework\boot\spring-boot-starter-data-elasticsearch\2.2.2.RELEASE\spring-boot-starter-data-elasticsearch-2.2.2.RELEASE.jar;C:\AppData\apache-maven-3.6.1\repository\org\springframework\data\spring-data-elasticsearch\3.2.3.RELEASE\spring-data-elasticsearch-3.2.3.RELEASE.jar;C:\AppData\apache-maven-3.6.1\repository\org\springframework\spring-tx\5.2.2.RELEASE\spring-tx-5.2.2.RELEASE.jar;C:\AppData\apache-maven-3.6.1\repository\org\springframework\data\spring-data-commons\2.2.3.RELEASE\spring-data-commons-2.2.3.RELEASE.jar;C:\AppData\apache-maven-3.6.1\repository\org\elasticsearch\client\transport\6.8.5\transport-6.8.5.jar;C:\AppData\apache-maven-3.6.1\repository\org\elasticsearch\plugin\reindex-client\6.8.5\reindex-client-6.8.5.jar;C:\AppData\apache-maven-3.6.1\repository\org\elasticsearch\elasticsearch-ssl-config\6.8.5\elasticsearch-ssl-config-6.8.5.jar;C:\AppData\apache-maven-3.6.1\repository\org\elasticsearch\plugin\lang-mustache-client\6.8.5\lang-mustache-client-6.8.5.jar;C:\AppData\apache-maven-3.6.1\repository\com\github\spullara\mustache\java\compiler\0.9.3\compiler-0.9.3.jar;C:\AppData\apache-maven-3.6.1\repository\org\elasticsearch\plugin\percolator-client\6.8.5\percolator-client-6.8.5.jar;C:\AppData\apache-maven-3.6.1\repository\org\elasticsearch\plugin\parent-join-client\6.8.5\parent-join-client-6.8.5.jar;C:\AppData\apache-maven-3.6.1\repository\org\elasticsearch\plugin\rank-eval-client\6.8.5\rank-eval-client-6.8.5.jar;C:\AppData\apache-maven-3.6.1\repository\org\elasticsearch\plugin\transport-netty4-client\6.8.5\transport-netty4-client-6.8.5.jar;C:\AppData\apache-maven-3.6.1\repository\io\netty\netty-buffer\4.1.43.Final\netty-buffer-4.1.43.Final.jar;C:\AppData\apache-maven-3.6.1\repository\io\netty\netty-codec\4.1.43.Final\netty-codec-4.1.43.Final.jar;C:\AppData\apache-maven-3.6.1\repository\io\netty\netty-codec-http\4.1.43.Final\netty-codec-http-4.1.43.Final.jar;C:\AppData\apache-maven-3.6.1\repository\io\netty\netty-common\4.1.43.Final\netty-common-4.1.43.Final.jar;C:\AppData\apache-maven-3.6.1\repository\io\netty\netty-handler\4.1.43.Final\netty-handler-4.1.43.Final.jar;C:\AppData\apache-maven-3.6.1\repository\io\netty\netty-resolver\4.1.43.Final\netty-resolver-4.1.43.Final.jar;C:\AppData\apache-maven-3.6.1\repository\io\netty\netty-transport\4.1.43.Final\netty-transport-4.1.43.Final.jar;C:\AppData\apache-maven-3.6.1\repository\org\elasticsearch\client\elasticsearch-rest-high-level-client\6.8.5\elasticsearch-rest-high-level-client-6.8.5.jar;C:\AppData\apache-maven-3.6.1\repository\org\elasticsearch\client\elasticsearch-rest-client\6.8.5\elasticsearch-rest-client-6.8.5.jar;C:\AppData\apache-maven-3.6.1\repository\org\apache\httpcomponents\httpclient\4.5.10\httpclient-4.5.10.jar;C:\AppData\apache-maven-3.6.1\repository\org\apache\httpcomponents\httpcore\4.4.12\httpcore-4.4.12.jar;C:\AppData\apache-maven-3.6.1\repository\org\apache\httpcomponents\httpasyncclient\4.1.4\httpasyncclient-4.1.4.jar;C:\AppData\apache-maven-3.6.1\repository\org\apache\httpcomponents\httpcore-nio\4.4.12\httpcore-nio-4.4.12.jar;C:\AppData\apache-maven-3.6.1\repository\commons-codec\commons-codec\1.13\commons-codec-1.13.jar;C:\AppData\apache-maven-3.6.1\repository\org\elasticsearch\plugin\aggs-matrix-stats-client\6.8.5\aggs-matrix-stats-client-6.8.5.jar;C:\AppData\apache-maven-3.6.1\repository\org\slf4j\slf4j-api\1.7.29\slf4j-api-1.7.29.jar;C:\AppData\apache-maven-3.6.1\repository\org\projectlombok\lombok\1.18.10\lombok-1.18.10.jar;C:\AppData\apache-maven-3.6.1\repository\org\springframework\boot\spring-boot-devtools\2.2.2.RELEASE\spring-boot-devtools-2.2.2.RELEASE.jar;C:\AppData\apache-maven-3.6.1\repository\org\springframework\boot\spring-boot\2.2.2.RELEASE\spring-boot-2.2.2.RELEASE.jar;C:\AppData\apache-maven-3.6.1\repository\org\springframework\boot\spring-boot-autoconfigure\2.2.2.RELEASE\spring-boot-autoconfigure-2.2.2.RELEASE.jar;C:\AppData\apache-maven-3.6.1\repository\com\google\code\gson\gson\2.8.5\gson-2.8.5.jar;D:\git\es\lib\commons-beanutils-1.9.4.jar;C:\AppData\apache-maven-3.6.1\repository\org\springframework\boot\spring-boot-starter-test\2.2.2.RELEASE\spring-boot-starter-test-2.2.2.RELEASE.jar;C:\AppData\apache-maven-3.6.1\repository\org\springframework\boot\spring-boot-test\2.2.2.RELEASE\spring-boot-test-2.2.2.RELEASE.jar;C:\AppData\apache-maven-3.6.1\repository\org\springframework\boot\spring-boot-test-autoconfigure\2.2.2.RELEASE\spring-boot-test-autoconfigure-2.2.2.RELEASE.jar;C:\AppData\apache-maven-3.6.1\repository\com\jayway\jsonpath\json-path\2.4.0\json-path-2.4.0.jar;C:\AppData\apache-maven-3.6.1\repository\net\minidev\json-smart\2.3\json-smart-2.3.jar;C:\AppData\apache-maven-3.6.1\repository\net\minidev\accessors-smart\1.2\accessors-smart-1.2.jar;C:\AppData\apache-maven-3.6.1\repository\org\ow2\asm\asm\5.0.4\asm-5.0.4.jar;C:\AppData\apache-maven-3.6.1\repository\jakarta\xml\bind\jakarta.xml.bind-api\2.3.2\jakarta.xml.bind-api-2.3.2.jar;C:\AppData\apache-maven-3.6.1\repository\jakarta\activation\jakarta.activation-api\1.2.1\jakarta.activation-api-1.2.1.jar;C:\AppData\apache-maven-3.6.1\repository\org\junit\jupiter\junit-jupiter\5.5.2\junit-jupiter-5.5.2.jar;C:\AppData\apache-maven-3.6.1\repository\org\junit\jupiter\junit-jupiter-api\5.5.2\junit-jupiter-api-5.5.2.jar;C:\AppData\apache-maven-3.6.1\repository\org\apiguardian\apiguardian-api\1.1.0\apiguardian-api-1.1.0.jar;C:\AppData\apache-maven-3.6.1\repository\org\opentest4j\opentest4j\1.2.0\opentest4j-1.2.0.jar;C:\AppData\apache-maven-3.6.1\repository\org\junit\platform\junit-platform-commons\1.5.2\junit-platform-commons-1.5.2.jar;C:\AppData\apache-maven-3.6.1\repository\org\junit\jupiter\junit-jupiter-params\5.5.2\junit-jupiter-params-5.5.2.jar;C:\AppData\apache-maven-3.6.1\repository\org\junit\jupiter\junit-jupiter-engine\5.5.2\junit-jupiter-engine-5.5.2.jar;C:\AppData\apache-maven-3.6.1\repository\org\junit\platform\junit-platform-engine\1.5.2\junit-platform-engine-1.5.2.jar;C:\AppData\apache-maven-3.6.1\repository\org\mockito\mockito-junit-jupiter\3.1.0\mockito-junit-jupiter-3.1.0.jar;C:\AppData\apache-maven-3.6.1\repository\org\assertj\assertj-core\3.13.2\assertj-core-3.13.2.jar;C:\AppData\apache-maven-3.6.1\repository\org\hamcrest\hamcrest\2.1\hamcrest-2.1.jar;C:\AppData\apache-maven-3.6.1\repository\org\mockito\mockito-core\3.1.0\mockito-core-3.1.0.jar;C:\AppData\apache-maven-3.6.1\repository\net\bytebuddy\byte-buddy\1.10.4\byte-buddy-1.10.4.jar;C:\AppData\apache-maven-3.6.1\repository\net\bytebuddy\byte-buddy-agent\1.10.4\byte-buddy-agent-1.10.4.jar;C:\AppData\apache-maven-3.6.1\repository\org\objenesis\objenesis\2.6\objenesis-2.6.jar;C:\AppData\apache-maven-3.6.1\repository\org\skyscreamer\jsonassert\1.5.0\jsonassert-1.5.0.jar;C:\AppData\apache-maven-3.6.1\repository\com\vaadin\external\google\android-json\0.0.20131108.vaadin1\android-json-0.0.20131108.vaadin1.jar;C:\AppData\apache-maven-3.6.1\repository\org\springframework\spring-core\5.2.2.RELEASE\spring-core-5.2.2.RELEASE.jar;C:\AppData\apache-maven-3.6.1\repository\org\springframework\spring-jcl\5.2.2.RELEASE\spring-jcl-5.2.2.RELEASE.jar;C:\AppData\apache-maven-3.6.1\repository\org\springframework\spring-test\5.2.2.RELEASE\spring-test-5.2.2.RELEASE.jar;C:\AppData\apache-maven-3.6.1\repository\org\xmlunit\xmlunit-core\2.6.3\xmlunit-core-2.6.3.jar;"/>
    <property name="java.vm.vendor" value="Oracle Corporation"/>
    <property name="sun.arch.data.model" value="64"/>
    <property name="user.variant" value=""/>
    <property name="java.vendor.url" value="http://java.oracle.com/"/>
    <property name="user.timezone" value="Asia/Shanghai"/>
    <property name="java.vm.specification.version" value="1.8"/>
    <property name="os.name" value="Windows 10"/>
    <property name="user.country" value="CN"/>
    <property name="sun.java.launcher" value="SUN_STANDARD"/>
    <property name="sun.boot.library.path" value="C:\Program Files\Java\jdk1.8.0_181\jre\bin"/>
    <property name="sun.java.command" value="C:\Users\hwg2529\AppData\Local\Temp\surefire6743677312910426455\surefirebooter1171408399873132501.jar C:\Users\hwg2529\AppData\Local\Temp\surefire6743677312910426455 2019-12-17T00-27-34_349-jvmRun1 surefire3796713911860738566tmp surefire_04205954519648131778tmp"/>
    <property name="surefire.test.class.path" value="D:\git\es\target\test-classes;D:\git\es\target\classes;C:\AppData\apache-maven-3.6.1\repository\org\springframework\boot\spring-boot-starter-web\2.2.2.RELEASE\spring-boot-starter-web-2.2.2.RELEASE.jar;C:\AppData\apache-maven-3.6.1\repository\org\springframework\boot\spring-boot-starter\2.2.2.RELEASE\spring-boot-starter-2.2.2.RELEASE.jar;C:\AppData\apache-maven-3.6.1\repository\org\springframework\boot\spring-boot-starter-logging\2.2.2.RELEASE\spring-boot-starter-logging-2.2.2.RELEASE.jar;C:\AppData\apache-maven-3.6.1\repository\ch\qos\logback\logback-classic\1.2.3\logback-classic-1.2.3.jar;C:\AppData\apache-maven-3.6.1\repository\ch\qos\logback\logback-core\1.2.3\logback-core-1.2.3.jar;C:\AppData\apache-maven-3.6.1\repository\org\apache\logging\log4j\log4j-to-slf4j\2.12.1\log4j-to-slf4j-2.12.1.jar;C:\AppData\apache-maven-3.6.1\repository\org\slf4j\jul-to-slf4j\1.7.29\jul-to-slf4j-1.7.29.jar;C:\AppData\apache-maven-3.6.1\repository\jakarta\annotation\jakarta.annotation-api\1.3.5\jakarta.annotation-api-1.3.5.jar;C:\AppData\apache-maven-3.6.1\repository\org\yaml\snakeyaml\1.25\snakeyaml-1.25.jar;C:\AppData\apache-maven-3.6.1\repository\org\springframework\boot\spring-boot-starter-json\2.2.2.RELEASE\spring-boot-starter-json-2.2.2.RELEASE.jar;C:\AppData\apache-maven-3.6.1\repository\com\fasterxml\jackson\core\jackson-databind\2.10.1\jackson-databind-2.10.1.jar;C:\AppData\apache-maven-3.6.1\repository\com\fasterxml\jackson\core\jackson-annotations\2.10.1\jackson-annotations-2.10.1.jar;C:\AppData\apache-maven-3.6.1\repository\com\fasterxml\jackson\datatype\jackson-datatype-jdk8\2.10.1\jackson-datatype-jdk8-2.10.1.jar;C:\AppData\apache-maven-3.6.1\repository\com\fasterxml\jackson\datatype\jackson-datatype-jsr310\2.10.1\jackson-datatype-jsr310-2.10.1.jar;C:\AppData\apache-maven-3.6.1\repository\com\fasterxml\jackson\module\jackson-module-parameter-names\2.10.1\jackson-module-parameter-names-2.10.1.jar;C:\AppData\apache-maven-3.6.1\repository\org\springframework\boot\spring-boot-starter-tomcat\2.2.2.RELEASE\spring-boot-starter-tomcat-2.2.2.RELEASE.jar;C:\AppData\apache-maven-3.6.1\repository\org\apache\tomcat\embed\tomcat-embed-core\9.0.29\tomcat-embed-core-9.0.29.jar;C:\AppData\apache-maven-3.6.1\repository\org\apache\tomcat\embed\tomcat-embed-el\9.0.29\tomcat-embed-el-9.0.29.jar;C:\AppData\apache-maven-3.6.1\repository\org\apache\tomcat\embed\tomcat-embed-websocket\9.0.29\tomcat-embed-websocket-9.0.29.jar;C:\AppData\apache-maven-3.6.1\repository\org\springframework\boot\spring-boot-starter-validation\2.2.2.RELEASE\spring-boot-starter-validation-2.2.2.RELEASE.jar;C:\AppData\apache-maven-3.6.1\repository\jakarta\validation\jakarta.validation-api\2.0.1\jakarta.validation-api-2.0.1.jar;C:\AppData\apache-maven-3.6.1\repository\org\hibernate\validator\hibernate-validator\6.0.18.Final\hibernate-validator-6.0.18.Final.jar;C:\AppData\apache-maven-3.6.1\repository\org\jboss\logging\jboss-logging\3.4.1.Final\jboss-logging-3.4.1.Final.jar;C:\AppData\apache-maven-3.6.1\repository\com\fasterxml\classmate\1.5.1\classmate-1.5.1.jar;C:\AppData\apache-maven-3.6.1\repository\org\springframework\spring-web\5.2.2.RELEASE\spring-web-5.2.2.RELEASE.jar;C:\AppData\apache-maven-3.6.1\repository\org\springframework\spring-beans\5.2.2.RELEASE\spring-beans-5.2.2.RELEASE.jar;C:\AppData\apache-maven-3.6.1\repository\org\springframework\spring-webmvc\5.2.2.RELEASE\spring-webmvc-5.2.2.RELEASE.jar;C:\AppData\apache-maven-3.6.1\repository\org\springframework\spring-aop\5.2.2.RELEASE\spring-aop-5.2.2.RELEASE.jar;C:\AppData\apache-maven-3.6.1\repository\org\springframework\spring-context\5.2.2.RELEASE\spring-context-5.2.2.RELEASE.jar;C:\AppData\apache-maven-3.6.1\repository\org\springframework\spring-expression\5.2.2.RELEASE\spring-expression-5.2.2.RELEASE.jar;C:\AppData\apache-maven-3.6.1\repository\org\elasticsearch\elasticsearch\6.8.5\elasticsearch-6.8.5.jar;C:\AppData\apache-maven-3.6.1\repository\org\elasticsearch\elasticsearch-core\6.8.5\elasticsearch-core-6.8.5.jar;C:\AppData\apache-maven-3.6.1\repository\org\elasticsearch\elasticsearch-secure-sm\6.8.5\elasticsearch-secure-sm-6.8.5.jar;C:\AppData\apache-maven-3.6.1\repository\org\elasticsearch\elasticsearch-x-content\6.8.5\elasticsearch-x-content-6.8.5.jar;C:\AppData\apache-maven-3.6.1\repository\com\fasterxml\jackson\core\jackson-core\2.10.1\jackson-core-2.10.1.jar;C:\AppData\apache-maven-3.6.1\repository\com\fasterxml\jackson\dataformat\jackson-dataformat-smile\2.10.1\jackson-dataformat-smile-2.10.1.jar;C:\AppData\apache-maven-3.6.1\repository\com\fasterxml\jackson\dataformat\jackson-dataformat-yaml\2.10.1\jackson-dataformat-yaml-2.10.1.jar;C:\AppData\apache-maven-3.6.1\repository\com\fasterxml\jackson\dataformat\jackson-dataformat-cbor\2.10.1\jackson-dataformat-cbor-2.10.1.jar;C:\AppData\apache-maven-3.6.1\repository\org\apache\lucene\lucene-core\7.7.2\lucene-core-7.7.2.jar;C:\AppData\apache-maven-3.6.1\repository\org\apache\lucene\lucene-analyzers-common\7.7.2\lucene-analyzers-common-7.7.2.jar;C:\AppData\apache-maven-3.6.1\repository\org\apache\lucene\lucene-backward-codecs\7.7.2\lucene-backward-codecs-7.7.2.jar;C:\AppData\apache-maven-3.6.1\repository\org\apache\lucene\lucene-grouping\7.7.2\lucene-grouping-7.7.2.jar;C:\AppData\apache-maven-3.6.1\repository\org\apache\lucene\lucene-highlighter\7.7.2\lucene-highlighter-7.7.2.jar;C:\AppData\apache-maven-3.6.1\repository\org\apache\lucene\lucene-join\7.7.2\lucene-join-7.7.2.jar;C:\AppData\apache-maven-3.6.1\repository\org\apache\lucene\lucene-memory\7.7.2\lucene-memory-7.7.2.jar;C:\AppData\apache-maven-3.6.1\repository\org\apache\lucene\lucene-misc\7.7.2\lucene-misc-7.7.2.jar;C:\AppData\apache-maven-3.6.1\repository\org\apache\lucene\lucene-queries\7.7.2\lucene-queries-7.7.2.jar;C:\AppData\apache-maven-3.6.1\repository\org\apache\lucene\lucene-queryparser\7.7.2\lucene-queryparser-7.7.2.jar;C:\AppData\apache-maven-3.6.1\repository\org\apache\lucene\lucene-sandbox\7.7.2\lucene-sandbox-7.7.2.jar;C:\AppData\apache-maven-3.6.1\repository\org\apache\lucene\lucene-spatial\7.7.2\lucene-spatial-7.7.2.jar;C:\AppData\apache-maven-3.6.1\repository\org\apache\lucene\lucene-spatial-extras\7.7.2\lucene-spatial-extras-7.7.2.jar;C:\AppData\apache-maven-3.6.1\repository\org\apache\lucene\lucene-spatial3d\7.7.2\lucene-spatial3d-7.7.2.jar;C:\AppData\apache-maven-3.6.1\repository\org\apache\lucene\lucene-suggest\7.7.2\lucene-suggest-7.7.2.jar;C:\AppData\apache-maven-3.6.1\repository\org\elasticsearch\elasticsearch-cli\6.8.5\elasticsearch-cli-6.8.5.jar;C:\AppData\apache-maven-3.6.1\repository\net\sf\jopt-simple\jopt-simple\5.0.2\jopt-simple-5.0.2.jar;C:\AppData\apache-maven-3.6.1\repository\com\carrotsearch\hppc\0.7.1\hppc-0.7.1.jar;C:\AppData\apache-maven-3.6.1\repository\joda-time\joda-time\2.10.5\joda-time-2.10.5.jar;C:\AppData\apache-maven-3.6.1\repository\com\tdunning\t-digest\3.2\t-digest-3.2.jar;C:\AppData\apache-maven-3.6.1\repository\org\hdrhistogram\HdrHistogram\2.1.9\HdrHistogram-2.1.9.jar;C:\AppData\apache-maven-3.6.1\repository\org\apache\logging\log4j\log4j-api\2.12.1\log4j-api-2.12.1.jar;C:\AppData\apache-maven-3.6.1\repository\org\elasticsearch\jna\4.5.1\jna-4.5.1.jar;C:\AppData\apache-maven-3.6.1\repository\org\springframework\boot\spring-boot-starter-data-elasticsearch\2.2.2.RELEASE\spring-boot-starter-data-elasticsearch-2.2.2.RELEASE.jar;C:\AppData\apache-maven-3.6.1\repository\org\springframework\data\spring-data-elasticsearch\3.2.3.RELEASE\spring-data-elasticsearch-3.2.3.RELEASE.jar;C:\AppData\apache-maven-3.6.1\repository\org\springframework\spring-tx\5.2.2.RELEASE\spring-tx-5.2.2.RELEASE.jar;C:\AppData\apache-maven-3.6.1\repository\org\springframework\data\spring-data-commons\2.2.3.RELEASE\spring-data-commons-2.2.3.RELEASE.jar;C:\AppData\apache-maven-3.6.1\repository\org\elasticsearch\client\transport\6.8.5\transport-6.8.5.jar;C:\AppData\apache-maven-3.6.1\repository\org\elasticsearch\plugin\reindex-client\6.8.5\reindex-client-6.8.5.jar;C:\AppData\apache-maven-3.6.1\repository\org\elasticsearch\elasticsearch-ssl-config\6.8.5\elasticsearch-ssl-config-6.8.5.jar;C:\AppData\apache-maven-3.6.1\repository\org\elasticsearch\plugin\lang-mustache-client\6.8.5\lang-mustache-client-6.8.5.jar;C:\AppData\apache-maven-3.6.1\repository\com\github\spullara\mustache\java\compiler\0.9.3\compiler-0.9.3.jar;C:\AppData\apache-maven-3.6.1\repository\org\elasticsearch\plugin\percolator-client\6.8.5\percolator-client-6.8.5.jar;C:\AppData\apache-maven-3.6.1\repository\org\elasticsearch\plugin\parent-join-client\6.8.5\parent-join-client-6.8.5.jar;C:\AppData\apache-maven-3.6.1\repository\org\elasticsearch\plugin\rank-eval-client\6.8.5\rank-eval-client-6.8.5.jar;C:\AppData\apache-maven-3.6.1\repository\org\elasticsearch\plugin\transport-netty4-client\6.8.5\transport-netty4-client-6.8.5.jar;C:\AppData\apache-maven-3.6.1\repository\io\netty\netty-buffer\4.1.43.Final\netty-buffer-4.1.43.Final.jar;C:\AppData\apache-maven-3.6.1\repository\io\netty\netty-codec\4.1.43.Final\netty-codec-4.1.43.Final.jar;C:\AppData\apache-maven-3.6.1\repository\io\netty\netty-codec-http\4.1.43.Final\netty-codec-http-4.1.43.Final.jar;C:\AppData\apache-maven-3.6.1\repository\io\netty\netty-common\4.1.43.Final\netty-common-4.1.43.Final.jar;C:\AppData\apache-maven-3.6.1\repository\io\netty\netty-handler\4.1.43.Final\netty-handler-4.1.43.Final.jar;C:\AppData\apache-maven-3.6.1\repository\io\netty\netty-resolver\4.1.43.Final\netty-resolver-4.1.43.Final.jar;C:\AppData\apache-maven-3.6.1\repository\io\netty\netty-transport\4.1.43.Final\netty-transport-4.1.43.Final.jar;C:\AppData\apache-maven-3.6.1\repository\org\elasticsearch\client\elasticsearch-rest-high-level-client\6.8.5\elasticsearch-rest-high-level-client-6.8.5.jar;C:\AppData\apache-maven-3.6.1\repository\org\elasticsearch\client\elasticsearch-rest-client\6.8.5\elasticsearch-rest-client-6.8.5.jar;C:\AppData\apache-maven-3.6.1\repository\org\apache\httpcomponents\httpclient\4.5.10\httpclient-4.5.10.jar;C:\AppData\apache-maven-3.6.1\repository\org\apache\httpcomponents\httpcore\4.4.12\httpcore-4.4.12.jar;C:\AppData\apache-maven-3.6.1\repository\org\apache\httpcomponents\httpasyncclient\4.1.4\httpasyncclient-4.1.4.jar;C:\AppData\apache-maven-3.6.1\repository\org\apache\httpcomponents\httpcore-nio\4.4.12\httpcore-nio-4.4.12.jar;C:\AppData\apache-maven-3.6.1\repository\commons-codec\commons-codec\1.13\commons-codec-1.13.jar;C:\AppData\apache-maven-3.6.1\repository\org\elasticsearch\plugin\aggs-matrix-stats-client\6.8.5\aggs-matrix-stats-client-6.8.5.jar;C:\AppData\apache-maven-3.6.1\repository\org\slf4j\slf4j-api\1.7.29\slf4j-api-1.7.29.jar;C:\AppData\apache-maven-3.6.1\repository\org\projectlombok\lombok\1.18.10\lombok-1.18.10.jar;C:\AppData\apache-maven-3.6.1\repository\org\springframework\boot\spring-boot-devtools\2.2.2.RELEASE\spring-boot-devtools-2.2.2.RELEASE.jar;C:\AppData\apache-maven-3.6.1\repository\org\springframework\boot\spring-boot\2.2.2.RELEASE\spring-boot-2.2.2.RELEASE.jar;C:\AppData\apache-maven-3.6.1\repository\org\springframework\boot\spring-boot-autoconfigure\2.2.2.RELEASE\spring-boot-autoconfigure-2.2.2.RELEASE.jar;C:\AppData\apache-maven-3.6.1\repository\com\google\code\gson\gson\2.8.5\gson-2.8.5.jar;D:\git\es\lib\commons-beanutils-1.9.4.jar;C:\AppData\apache-maven-3.6.1\repository\org\springframework\boot\spring-boot-starter-test\2.2.2.RELEASE\spring-boot-starter-test-2.2.2.RELEASE.jar;C:\AppData\apache-maven-3.6.1\repository\org\springframework\boot\spring-boot-test\2.2.2.RELEASE\spring-boot-test-2.2.2.RELEASE.jar;C:\AppData\apache-maven-3.6.1\repository\org\springframework\boot\spring-boot-test-autoconfigure\2.2.2.RELEASE\spring-boot-test-autoconfigure-2.2.2.RELEASE.jar;C:\AppData\apache-maven-3.6.1\repository\com\jayway\jsonpath\json-path\2.4.0\json-path-2.4.0.jar;C:\AppData\apache-maven-3.6.1\repository\net\minidev\json-smart\2.3\json-smart-2.3.jar;C:\AppData\apache-maven-3.6.1\repository\net\minidev\accessors-smart\1.2\accessors-smart-1.2.jar;C:\AppData\apache-maven-3.6.1\repository\org\ow2\asm\asm\5.0.4\asm-5.0.4.jar;C:\AppData\apache-maven-3.6.1\repository\jakarta\xml\bind\jakarta.xml.bind-api\2.3.2\jakarta.xml.bind-api-2.3.2.jar;C:\AppData\apache-maven-3.6.1\repository\jakarta\activation\jakarta.activation-api\1.2.1\jakarta.activation-api-1.2.1.jar;C:\AppData\apache-maven-3.6.1\repository\org\junit\jupiter\junit-jupiter\5.5.2\junit-jupiter-5.5.2.jar;C:\AppData\apache-maven-3.6.1\repository\org\junit\jupiter\junit-jupiter-api\5.5.2\junit-jupiter-api-5.5.2.jar;C:\AppData\apache-maven-3.6.1\repository\org\apiguardian\apiguardian-api\1.1.0\apiguardian-api-1.1.0.jar;C:\AppData\apache-maven-3.6.1\repository\org\opentest4j\opentest4j\1.2.0\opentest4j-1.2.0.jar;C:\AppData\apache-maven-3.6.1\repository\org\junit\platform\junit-platform-commons\1.5.2\junit-platform-commons-1.5.2.jar;C:\AppData\apache-maven-3.6.1\repository\org\junit\jupiter\junit-jupiter-params\5.5.2\junit-jupiter-params-5.5.2.jar;C:\AppData\apache-maven-3.6.1\repository\org\junit\jupiter\junit-jupiter-engine\5.5.2\junit-jupiter-engine-5.5.2.jar;C:\AppData\apache-maven-3.6.1\repository\org\junit\platform\junit-platform-engine\1.5.2\junit-platform-engine-1.5.2.jar;C:\AppData\apache-maven-3.6.1\repository\org\mockito\mockito-junit-jupiter\3.1.0\mockito-junit-jupiter-3.1.0.jar;C:\AppData\apache-maven-3.6.1\repository\org\assertj\assertj-core\3.13.2\assertj-core-3.13.2.jar;C:\AppData\apache-maven-3.6.1\repository\org\hamcrest\hamcrest\2.1\hamcrest-2.1.jar;C:\AppData\apache-maven-3.6.1\repository\org\mockito\mockito-core\3.1.0\mockito-core-3.1.0.jar;C:\AppData\apache-maven-3.6.1\repository\net\bytebuddy\byte-buddy\1.10.4\byte-buddy-1.10.4.jar;C:\AppData\apache-maven-3.6.1\repository\net\bytebuddy\byte-buddy-agent\1.10.4\byte-buddy-agent-1.10.4.jar;C:\AppData\apache-maven-3.6.1\repository\org\objenesis\objenesis\2.6\objenesis-2.6.jar;C:\AppData\apache-maven-3.6.1\repository\org\skyscreamer\jsonassert\1.5.0\jsonassert-1.5.0.jar;C:\AppData\apache-maven-3.6.1\repository\com\vaadin\external\google\android-json\0.0.20131108.vaadin1\android-json-0.0.20131108.vaadin1.jar;C:\AppData\apache-maven-3.6.1\repository\org\springframework\spring-core\5.2.2.RELEASE\spring-core-5.2.2.RELEASE.jar;C:\AppData\apache-maven-3.6.1\repository\org\springframework\spring-jcl\5.2.2.RELEASE\spring-jcl-5.2.2.RELEASE.jar;C:\AppData\apache-maven-3.6.1\repository\org\springframework\spring-test\5.2.2.RELEASE\spring-test-5.2.2.RELEASE.jar;C:\AppData\apache-maven-3.6.1\repository\org\xmlunit\xmlunit-core\2.6.3\xmlunit-core-2.6.3.jar;"/>
    <property name="sun.cpu.endian" value="little"/>
    <property name="user.home" value="C:\Users\hwg2529"/>
    <property name="user.language" value="zh"/>
    <property name="java.specification.vendor" value="Oracle Corporation"/>
    <property name="java.home" value="C:\Program Files\Java\jdk1.8.0_181\jre"/>
    <property name="basedir" value="D:\git\es"/>
    <property name="file.separator" value="\"/>
    <property name="line.separator" value="&#10;"/>
    <property name="idea.version2019.2.3" value="true"/>
    <property name="java.vm.specification.vendor" value="Oracle Corporation"/>
    <property name="java.specification.name" value="Java Platform API Specification"/>
    <property name="java.awt.graphicsenv" value="sun.awt.Win32GraphicsEnvironment"/>
    <property name="surefire.real.class.path" value="C:\Users\hwg2529\AppData\Local\Temp\surefire6743677312910426455\surefirebooter1171408399873132501.jar"/>
    <property name="sun.boot.class.path" value="C:\Program Files\Java\jdk1.8.0_181\jre\lib\resources.jar;C:\Program Files\Java\jdk1.8.0_181\jre\lib\rt.jar;C:\Program Files\Java\jdk1.8.0_181\jre\lib\sunrsasign.jar;C:\Program Files\Java\jdk1.8.0_181\jre\lib\jsse.jar;C:\Program Files\Java\jdk1.8.0_181\jre\lib\jce.jar;C:\Program Files\Java\jdk1.8.0_181\jre\lib\charsets.jar;C:\Program Files\Java\jdk1.8.0_181\jre\lib\jfr.jar;C:\Program Files\Java\jdk1.8.0_181\jre\classes"/>
    <property name="user.script" value=""/>
    <property name="sun.management.compiler" value="HotSpot 64-Bit Tiered Compilers"/>
    <property name="java.runtime.version" value="1.8.0_181-b13"/>
    <property name="user.name" value="黄伟国"/>
    <property name="path.separator" value=";"/>
    <property name="os.version" value="10.0"/>
    <property name="java.endorsed.dirs" value="C:\Program Files\Java\jdk1.8.0_181\jre\lib\endorsed"/>
    <property name="java.runtime.name" value="Java(TM) SE Runtime Environment"/>
    <property name="file.encoding" value="GBK"/>
    <property name="java.vm.name" value="Java HotSpot(TM) 64-Bit Server VM"/>
    <property name="localRepository" value="C:\AppData\apache-maven-3.6.1\repository"/>
    <property name="java.vendor.url.bug" value="http://bugreport.sun.com/bugreport/"/>
    <property name="java.io.tmpdir" value="C:\Users\hwg2529\AppData\Local\Temp\"/>
    <property name="java.version" value="1.8.0_181"/>
    <property name="user.dir" value="D:\git\es"/>
    <property name="os.arch" value="amd64"/>
    <property name="java.vm.specification.name" value="Java Virtual Machine Specification"/>
    <property name="java.awt.printerjob" value="sun.awt.windows.WPrinterJob"/>
    <property name="sun.os.patch.level" value=""/>
    <property name="java.library.path" value="C:\Program Files\Java\jdk1.8.0_181\jre\bin;C:\WINDOWS\Sun\Java\bin;C:\WINDOWS\system32;C:\WINDOWS;;C:\Program Files (x86)\NetSarang\Xshell 6\;C:\Program Files\Java\jdk1.8.0_181\bin;C:\Program Files (x86)\Common Files\Oracle\Java\javapath;C:\Windows\system32;C:\Windows;C:\Windows\System32\Wbem;C:\Windows\System32\WindowsPowerShell\v1.0\;C:\Program Files (x86)\NVIDIA Corporation\PhysX\Common;C:\MinGW\bin\;c:\Program Files (x86)\Microsoft SQL Server\100\Tools\Binn\;c:\Program Files\Microsoft SQL Server\100\Tools\Binn\;c:\Program Files\Microsoft SQL Server\100\DTS\Binn\;C:\Users\hwg2529\AppData\Local\Programs\Python\Python36\Scripts\;C:\Users\hwg2529\AppData\Local\Programs\Python\Python36\;C:\Program Files\Microsoft VS Code\bin;C:\WINDOWS\system32;C:\WINDOWS;C:\WINDOWS\System32\Wbem;C:\WINDOWS\System32\WindowsPowerShell\v1.0\;C:\WINDOWS\System32\OpenSSH\;C:\Program Files\Intel\WiFi\bin\;C:\Program Files\Common Files\Intel\WirelessCommon\;C:\Program Files\Micron Technology\Storage Executive;C:\Program Files (x86)\Microsoft SQL Server\150\DTS\Binn\;C:\Program Files\Git\cmd;C:\Program Files\nodejs\;C:\AppData\apache-maven-3.6.1\bin;C:\Program Files\PuTTY\;C:\Program Files\MySQL\MySQL Server 8.0\bin;;C:\WINDOWS\system32;C:\WINDOWS;C:\WINDOWS\System32\Wbem;C:\WINDOWS\System32\WindowsPowerShell\v1.0\;C:\WINDOWS\System32\OpenSSH\;C:\Users\hwg2529\Anaconda3;C:\Users\hwg2529\Anaconda3\Library\mingw-w64\bin;C:\Users\hwg2529\Anaconda3\Library\usr\bin;C:\Users\hwg2529\Anaconda3\Library\bin;C:\Users\hwg2529\Anaconda3\Scripts;C:\Program Files\MySQL\MySQL Shell 8.0\bin\;D:\apktool\apktool.jar;C:\Users\hwg2529\AppData\Local\Programs\Microsoft VS Code\bin;C:\Users\hwg2529\AppData\Local\Pandoc\;%USERPROFILE%\AppData\Local\Microsoft\WindowsApps;;."/>
    <property name="java.vm.info" value="mixed mode"/>
    <property name="java.vendor" value="Oracle Corporation"/>
    <property name="java.vm.version" value="25.181-b13"/>
    <property name="java.ext.dirs" value="C:\Program Files\Java\jdk1.8.0_181\jre\lib\ext;C:\WINDOWS\Sun\Java\lib\ext"/>
    <property name="sun.io.unicode.encoding" value="UnicodeLittle"/>
    <property name="maven.repo.local" value="C:\AppData\apache-maven-3.6.1\repository"/>
    <property name="java.class.version" value="52.0"/>
  </properties>
  <testcase name="org.buaa.es.EsApplicationTests" classname="org.buaa.es.EsApplicationTests" time="0.617">
    <error message="Found multiple @SpringBootConfiguration annotated classes [Generic bean: class [org.buaa.es.ElasticSearchConfig]; scope=; abstract=false; lazyInit=null; autowireMode=0; dependencyCheck=0; autowireCandidate=true; primary=false; factoryBeanName=null; factoryMethodName=null; initMethodName=null; destroyMethodName=null; defined in file [D:\git\es\target\classes\org\buaa\es\ElasticSearchConfig.class], Generic bean: class [org.buaa.es.EsApplication]; scope=; abstract=false; lazyInit=null; autowireMode=0; dependencyCheck=0; autowireCandidate=true; primary=false; factoryBeanName=null; factoryMethodName=null; initMethodName=null; destroyMethodName=null; defined in file [D:\git\es\target\classes\org\buaa\es\EsApplication.class]]" type="java.lang.IllegalStateException">java.lang.IllegalStateException: Found multiple @SpringBootConfiguration annotated classes [Generic bean: class [org.buaa.es.ElasticSearchConfig]; scope=; abstract=false; lazyInit=null; autowireMode=0; dependencyCheck=0; autowireCandidate=true; primary=false; factoryBeanName=null; factoryMethodName=null; initMethodName=null; destroyMethodName=null; defined in file [D:\git\es\target\classes\org\buaa\es\ElasticSearchConfig.class], Generic bean: class [org.buaa.es.EsApplication]; scope=; abstract=false; lazyInit=null; autowireMode=0; dependencyCheck=0; autowireCandidate=true; primary=false; factoryBeanName=null; factoryMethodName=null; initMethodName=null; destroyMethodName=null; defined in file [D:\git\es\target\classes\org\buaa\es\EsApplication.class]]
</error>
    <system-out><![CDATA[00:27:36.519 [main] DEBUG org.springframework.test.context.BootstrapUtils - Instantiating CacheAwareContextLoaderDelegate from class [org.springframework.test.context.cache.DefaultCacheAwareContextLoaderDelegate]
00:27:36.544 [main] DEBUG org.springframework.test.context.BootstrapUtils - Instantiating BootstrapContext using constructor [public org.springframework.test.context.support.DefaultBootstrapContext(java.lang.Class,org.springframework.test.context.CacheAwareContextLoaderDelegate)]
00:27:36.591 [main] DEBUG org.springframework.test.context.BootstrapUtils - Instantiating TestContextBootstrapper for test class [org.buaa.es.EsApplicationTests] from class [org.springframework.boot.test.context.SpringBootTestContextBootstrapper]
00:27:36.622 [main] INFO org.springframework.boot.test.context.SpringBootTestContextBootstrapper - Neither @ContextConfiguration nor @ContextHierarchy found for test class [org.buaa.es.EsApplicationTests], using SpringBootContextLoader
00:27:36.638 [main] DEBUG org.springframework.test.context.support.AbstractContextLoader - Did not detect default resource location for test class [org.buaa.es.EsApplicationTests]: class path resource [org/buaa/es/EsApplicationTests-context.xml] does not exist
00:27:36.638 [main] DEBUG org.springframework.test.context.support.AbstractContextLoader - Did not detect default resource location for test class [org.buaa.es.EsApplicationTests]: class path resource [org/buaa/es/EsApplicationTestsContext.groovy] does not exist
00:27:36.638 [main] INFO org.springframework.test.context.support.AbstractContextLoader - Could not detect default resource locations for test class [org.buaa.es.EsApplicationTests]: no resource found for suffixes {-context.xml, Context.groovy}.
00:27:36.638 [main] INFO org.springframework.test.context.support.AnnotationConfigContextLoaderUtils - Could not detect default configuration classes for test class [org.buaa.es.EsApplicationTests]: EsApplicationTests does not declare any static, non-private, non-final, nested classes annotated with @Configuration.
00:27:36.716 [main] DEBUG org.springframework.test.context.support.ActiveProfilesUtils - Could not find an 'annotation declaring class' for annotation type [org.springframework.test.context.ActiveProfiles] and class [org.buaa.es.EsApplicationTests]
00:27:36.810 [main] DEBUG org.springframework.context.annotation.ClassPathScanningCandidateComponentProvider - Identified candidate component class: file [D:\git\es\target\classes\org\buaa\es\ElasticSearchConfig.class]
00:27:36.904 [main] DEBUG org.springframework.context.annotation.ClassPathScanningCandidateComponentProvider - Identified candidate component class: file [D:\git\es\target\classes\org\buaa\es\EsApplication.class]
00:27:36.914 [main] DEBUG org.springframework.test.context.BootstrapUtils - Instantiating CacheAwareContextLoaderDelegate from class [org.springframework.test.context.cache.DefaultCacheAwareContextLoaderDelegate]
00:27:36.917 [main] DEBUG org.springframework.test.context.BootstrapUtils - Instantiating BootstrapContext using constructor [public org.springframework.test.context.support.DefaultBootstrapContext(java.lang.Class,org.springframework.test.context.CacheAwareContextLoaderDelegate)]
00:27:36.920 [main] DEBUG org.springframework.test.context.BootstrapUtils - Instantiating TestContextBootstrapper for test class [org.buaa.es.EsApplicationTests] from class [org.springframework.boot.test.context.SpringBootTestContextBootstrapper]
00:27:36.921 [main] INFO org.springframework.boot.test.context.SpringBootTestContextBootstrapper - Neither @ContextConfiguration nor @ContextHierarchy found for test class [org.buaa.es.EsApplicationTests], using SpringBootContextLoader
00:27:36.925 [main] DEBUG org.springframework.test.context.support.AbstractContextLoader - Did not detect default resource location for test class [org.buaa.es.EsApplicationTests]: class path resource [org/buaa/es/EsApplicationTests-context.xml] does not exist
00:27:36.927 [main] DEBUG org.springframework.test.context.support.AbstractContextLoader - Did not detect default resource location for test class [org.buaa.es.EsApplicationTests]: class path resource [org/buaa/es/EsApplicationTestsContext.groovy] does not exist
00:27:36.928 [main] INFO org.springframework.test.context.support.AbstractContextLoader - Could not detect default resource locations for test class [org.buaa.es.EsApplicationTests]: no resource found for suffixes {-context.xml, Context.groovy}.
00:27:36.933 [main] INFO org.springframework.test.context.support.AnnotationConfigContextLoaderUtils - Could not detect default configuration classes for test class [org.buaa.es.EsApplicationTests]: EsApplicationTests does not declare any static, non-private, non-final, nested classes annotated with @Configuration.
00:27:36.938 [main] DEBUG org.springframework.test.context.support.ActiveProfilesUtils - Could not find an 'annotation declaring class' for annotation type [org.springframework.test.context.ActiveProfiles] and class [org.buaa.es.EsApplicationTests]
00:27:36.949 [main] DEBUG org.springframework.context.annotation.ClassPathScanningCandidateComponentProvider - Identified candidate component class: file [D:\git\es\target\classes\org\buaa\es\ElasticSearchConfig.class]
00:27:36.949 [main] DEBUG org.springframework.context.annotation.ClassPathScanningCandidateComponentProvider - Identified candidate component class: file [D:\git\es\target\classes\org\buaa\es\EsApplication.class]
00:27:36.949 [main] DEBUG org.springframework.test.context.BootstrapUtils - Instantiating CacheAwareContextLoaderDelegate from class [org.springframework.test.context.cache.DefaultCacheAwareContextLoaderDelegate]
00:27:36.949 [main] DEBUG org.springframework.test.context.BootstrapUtils - Instantiating BootstrapContext using constructor [public org.springframework.test.context.support.DefaultBootstrapContext(java.lang.Class,org.springframework.test.context.CacheAwareContextLoaderDelegate)]
00:27:36.949 [main] DEBUG org.springframework.test.context.BootstrapUtils - Instantiating TestContextBootstrapper for test class [org.buaa.es.EsApplicationTests] from class [org.springframework.boot.test.context.SpringBootTestContextBootstrapper]
00:27:36.949 [main] INFO org.springframework.boot.test.context.SpringBootTestContextBootstrapper - Neither @ContextConfiguration nor @ContextHierarchy found for test class [org.buaa.es.EsApplicationTests], using SpringBootContextLoader
00:27:36.949 [main] DEBUG org.springframework.test.context.support.AbstractContextLoader - Did not detect default resource location for test class [org.buaa.es.EsApplicationTests]: class path resource [org/buaa/es/EsApplicationTests-context.xml] does not exist
00:27:36.949 [main] DEBUG org.springframework.test.context.support.AbstractContextLoader - Did not detect default resource location for test class [org.buaa.es.EsApplicationTests]: class path resource [org/buaa/es/EsApplicationTestsContext.groovy] does not exist
00:27:36.949 [main] INFO org.springframework.test.context.support.AbstractContextLoader - Could not detect default resource locations for test class [org.buaa.es.EsApplicationTests]: no resource found for suffixes {-context.xml, Context.groovy}.
00:27:36.949 [main] INFO org.springframework.test.context.support.AnnotationConfigContextLoaderUtils - Could not detect default configuration classes for test class [org.buaa.es.EsApplicationTests]: EsApplicationTests does not declare any static, non-private, non-final, nested classes annotated with @Configuration.
00:27:36.949 [main] DEBUG org.springframework.test.context.support.ActiveProfilesUtils - Could not find an 'annotation declaring class' for annotation type [org.springframework.test.context.ActiveProfiles] and class [org.buaa.es.EsApplicationTests]
00:27:36.965 [main] DEBUG org.springframework.context.annotation.ClassPathScanningCandidateComponentProvider - Identified candidate component class: file [D:\git\es\target\classes\org\buaa\es\ElasticSearchConfig.class]
00:27:36.965 [main] DEBUG org.springframework.context.annotation.ClassPathScanningCandidateComponentProvider - Identified candidate component class: file [D:\git\es\target\classes\org\buaa\es\EsApplication.class]
]]></system-out>
  </testcase>
</testsuite>